<?xml version="1.0" encoding="UTF-8"?>
<!-- Generated by org.testng.reporters.JUnitReportReporter -->
<testsuite skipped="0" hostname="admin-PC" name="com.test.BaseTest" tests="1" failures="0" timestamp="2021-02-03T19:17:39 IST" time="12.653" errors="0">
  <testcase name="validateGetResponseFieldsforNotNullorBlank" time="12.653" classname="com.test.BaseTest"/>
  <system-out/>
</testsuite> <!-- com.test.BaseTest -->
