<?xml version="1.0" encoding="UTF-8"?>
<!-- Generated by org.testng.reporters.JUnitReportReporter -->
<testsuite hostname="admin-PC" name="com.test.VerifyLogin" tests="3" failures="0" timestamp="3 Feb 2021 18:43:19 GMT" time="42.191" errors="0">
  <testcase name="storePage" time="26.566" classname="com.test.VerifyLogin"/>
  <testcase name="loginTest" time="5.242" classname="com.test.VerifyLogin"/>
  <testcase name="signTest" time="10.383" classname="com.test.VerifyLogin"/>
</testsuite> <!-- com.test.VerifyLogin -->
