<?xml version="1.0" encoding="UTF-8"?>
<!-- Generated by org.testng.reporters.JUnitReportReporter -->
<testsuite hostname="admin-PC" name="com.test.VerifyLogin" tests="3" failures="0" timestamp="3 Feb 2021 11:18:43 GMT" time="36.820" errors="0">
  <testcase name="loginTest" time="4.089" classname="com.test.VerifyLogin"/>
  <testcase name="signTest" time="8.193" classname="com.test.VerifyLogin"/>
  <testcase name="storePage" time="24.538" classname="com.test.VerifyLogin"/>
</testsuite> <!-- com.test.VerifyLogin -->
